\BOOKMARK [0][-]{chapter*.4}{\376\377\004\037\004\065\004\100\004\065\004\073\004\126\004\072\000\040\004\103\004\074\004\076\004\062\004\075\004\070\004\105\000\040\004\077\004\076\004\067\004\075\004\060\004\107\004\065\004\075\004\114\000,\000\040\004\101\004\070\004\074\004\062\004\076\004\073\004\126\004\062\000,\000\040\004\076\004\064\004\070\004\075\004\070\004\106\004\114\000,\000\040\004\101\004\072\004\076\004\100\004\076\004\107\004\065\004\075\004\114\000\040\004\126\000\040\004\102\004\065\004\100\004\074\004\126\004\075\004\126\004\062}{}% 1
\BOOKMARK [0][-]{chapter*.5}{\376\377\004\022\004\101\004\102\004\103\004\077}{}% 2
\BOOKMARK [0][-]{chapter.1}{\376\377\004\020\004\075\004\060\004\073\004\126\004\067\000\040\004\077\004\076\004\077\004\065\004\100\004\065\004\064\004\075\004\126\004\105\000\040\004\100\004\076\004\061\004\126\004\102}{}% 3
\BOOKMARK [1][-]{section.1.1}{\376\377\004\037\004\065\004\100\004\110\004\060\000\040\004\100\004\076\004\061\004\076\004\102\004\060\000\040\004\077\004\076\000\040\004\076\004\106\004\070\004\104\004\100\004\076\004\062\004\103\004\062\004\060\004\075\004\075\004\116\000\040\004\064\004\076\004\110\004\072\004\070}{chapter.1}% 4
\BOOKMARK [1][-]{section.1.2}{\376\377\004\020\004\062\004\102\004\076\004\074\004\060\004\102\004\070\004\107\004\075\004\065\000\040\004\101\004\072\004\060\004\075\004\103\004\062\004\060\004\075\004\075\004\117\000\040\004\064\004\076\004\110\004\072\004\070}{chapter.1}% 5
\BOOKMARK [1][-]{section.1.3}{\376\377\004\022\004\126\004\064\004\101\004\102\004\065\004\066\004\103\004\062\004\060\004\075\004\075\004\117\000\040\004\076\004\061\000'\004\124\004\072\004\102\004\103\000\040\004\102\004\060\000\040\004\062\004\126\004\064\004\075\004\126\004\074\004\060\004\075\004\075\004\117\000\040\004\104\004\076\004\075\004\103}{chapter.1}% 6
\BOOKMARK [1][-]{section.1.4}{\376\377\004\022\004\126\004\064\004\076\004\072\004\100\004\065\004\074\004\073\004\065\004\075\004\075\004\117\000\040\004\075\004\060\004\077\004\070\004\101\004\126\004\062\000\040\004\064\004\076\004\110\004\072\004\070}{chapter.1}% 7
\BOOKMARK [1][-]{section.1.5}{\376\377\004\041\004\103\004\107\004\060\004\101\004\075\004\060\000\040\004\100\004\076\004\061\004\076\004\102\004\060}{chapter.1}% 8
\BOOKMARK [1][-]{figure.caption.11}{\376\377\004\022\004\070\004\101\004\075\004\076\004\062\004\072\004\070\000\040\004\064\004\076\000\040\004\100\004\076\004\067\004\064\004\126\004\073\004\103\000\040\0001}{chapter.1}% 9
\BOOKMARK [0][-]{chapter.2}{\376\377\004\037\004\076\004\101\004\102\004\060\004\075\004\076\004\062\004\072\004\060\000\040\004\067\004\060\004\064\004\060\004\107\004\126\000\040\004\101\004\102\004\062\004\076\004\100\004\065\004\075\004\075\004\117\000\040\004\101\004\073\004\060\004\071\004\064\004\126\004\062}{}% 10
\BOOKMARK [1][-]{section.2.1}{\376\377\004\037\004\076\004\101\004\102\004\060\004\075\004\076\004\062\004\072\004\060\000\040\004\067\004\060\004\064\004\060\004\107\004\126}{chapter.2}% 11
\BOOKMARK [1][-]{section.2.2}{\376\377\004\037\004\100\004\076\004\077\004\076\004\075\004\076\004\062\004\060\004\075\004\126\000\040\004\100\004\126\004\110\004\065\004\075\004\075\004\117}{chapter.2}% 12
\BOOKMARK [1][-]{section.2.3}{\376\377\004\022\004\105\004\126\004\064\000\040\004\060\004\073\004\063\004\076\004\100\004\070\004\102\004\074\004\103}{chapter.2}% 13
\BOOKMARK [1][-]{section.2.3}{\376\377\004\022\004\070\004\101\004\075\004\076\004\062\004\072\004\070\000\040\004\064\004\076\000\040\004\100\004\076\004\067\004\064\004\126\004\073\004\103\000\040\0002}{chapter.2}% 14
\BOOKMARK [0][-]{chapter.3}{\376\377\004\034\004\065\004\102\004\076\004\064\004\070\000\040\004\073\004\076\004\072\004\060\004\073\004\126\004\067\004\060\004\106\004\126\004\127\000\040\004\073\004\116\004\064\004\070\004\075\004\070\000\040\004\102\004\060\000\040\004\100\004\103\004\105\004\076\004\074\004\070\004\105\000\040\004\076\004\061\000'\004\124\004\072\004\102\004\126\004\062}{}% 15
\BOOKMARK [1][-]{section.3.1}{\376\377\004\033\004\076\004\072\004\060\004\073\004\126\004\067\004\060\004\106\004\126\004\117\000\040\004\100\004\103\004\105\004\076\004\074\004\070\004\105\000\040\004\076\004\061\000'\004\124\004\072\004\102\004\126\004\062}{chapter.3}% 16
\BOOKMARK [1][-]{section.3.2}{\376\377\004\027\004\060\004\101\004\102\004\076\004\101\004\103\004\062\004\060\004\075\004\075\004\117\000\040\004\060\004\073\004\063\004\076\004\100\004\070\004\102\004\074\004\103\000\040\004\021\004\076\004\071\004\072\004\076\004\062\004\060\000-\004\032\004\076\004\073\004\074\004\076\004\063\004\076\004\100\004\076\004\062\004\060}{chapter.3}% 17
\BOOKMARK [1][-]{section.3.3}{\376\377\004\027\004\063\004\076\004\100\004\102\004\072\004\076\004\062\004\126\000\040\004\075\004\065\004\071\004\100\004\076\004\075\004\075\004\126\000\040\004\074\004\065\004\100\004\065\004\066\004\126}{chapter.3}% 18
\BOOKMARK [1][-]{figure.caption.31}{\376\377\004\022\004\070\004\101\004\075\004\076\004\062\004\072\004\070\000\040\004\064\004\076\000\040\004\100\004\076\004\067\004\064\004\126\004\073\004\103\000\040\0003}{chapter.3}% 19
\BOOKMARK [0][-]{chapter.4}{\376\377\004\041\004\102\004\062\004\076\004\100\004\065\004\075\004\075\004\117\000\040\004\077\004\060\004\075\004\076\004\100\004\060\004\074\004\070}{}% 20
\BOOKMARK [1][-]{section.4.1}{\376\377\004\037\004\076\004\110\004\103\004\072\000\040\004\062\004\126\004\064\004\077\004\076\004\062\004\126\004\064\004\075\004\076\004\101\004\102\004\126\000\040\004\074\004\126\004\066\000\040\004\072\004\060\004\064\004\100\004\060\004\074\004\070}{chapter.4}% 21
\BOOKMARK [1][-]{section.4.2}{\376\377\004\027\004\075\004\060\004\105\004\076\004\064\004\066\004\065\004\075\004\075\004\117\000\040\004\063\004\076\004\074\004\076\004\063\004\100\004\060\004\104\004\126\004\127\000\040\004\067\004\060\000\040\004\064\004\076\004\077\004\076\004\074\004\076\004\063\004\076\004\116\000\040\000R\000A\000N\000S\000A\000C}{chapter.4}% 22
\BOOKMARK [1][-]{section.4.3}{\376\377\004\041\004\102\004\062\004\076\004\100\004\065\004\075\004\075\004\117\000\040\004\077\004\060\004\075\004\076\004\100\004\060\004\074\004\075\004\076\004\063\004\076\000\040\004\067\004\075\004\126\004\074\004\072\004\103}{chapter.4}% 23
\BOOKMARK [1][-]{section.4.4}{\376\377\004\041\004\102\004\062\004\076\004\100\004\065\004\075\004\075\004\117\000\040\004\101\004\073\004\060\004\071\004\064\004\126\004\062\000\040\004\067\000\040\004\062\004\126\004\064\004\065\004\076}{chapter.4}% 24
\BOOKMARK [1][-]{subsection.4.4.1}{\376\377\004\022\004\070\004\101\004\075\004\076\004\062\004\072\004\070\000\040\004\064\004\076\000\040\004\100\004\076\004\067\004\064\004\126\004\073\004\103\000\040\0004}{chapter.4}% 25
\BOOKMARK [0][-]{chapter.5}{\376\377\004\037\004\100\004\060\004\072\004\102\004\070\004\107\004\075\004\126\000\040\004\100\004\065\004\067\004\103\004\073\004\114\004\102\004\060\004\102\004\070}{}% 26
\BOOKMARK [1][-]{section.5.1}{\376\377\004\040\004\065\004\067\004\103\004\073\004\114\004\102\004\060\004\102\004\070\000\040\004\060\004\073\004\063\004\076\004\100\004\070\004\102\004\074\004\103\000\040\004\021\000-\004\032\000\040\004\102\004\060\000\040\004\067\004\063\004\076\004\100\004\102\004\072\004\076\004\062\004\070\004\105\000\040\004\074\004\065\004\100\004\065\004\066}{chapter.5}% 27
\BOOKMARK [1][-]{section.5.2}{\376\377\004\040\004\065\004\067\004\103\004\073\004\114\004\102\004\060\004\102\004\070\000\040\004\067\004\063\004\076\004\100\004\102\004\072\004\076\004\062\004\070\004\105\000\040\004\074\004\065\004\100\004\065\004\066}{chapter.5}% 28
\BOOKMARK [1][-]{section.5.3}{\376\377\004\050\004\062\004\070\004\064\004\072\004\126\004\101\004\102\004\114\000\040\004\074\004\065\004\102\004\076\004\064\004\126\004\062\000\040\004\073\004\076\004\072\004\060\004\073\004\126\004\067\004\060\004\106\004\126\004\127\000\040\004\073\004\116\004\064\004\070\004\075\004\070\000\040\004\107\004\070\000\040\004\100\004\103\004\105\004\076\004\074\004\070\004\105\000\040\004\076\004\061\000'\004\124\004\072\004\102\004\126\004\062}{chapter.5}% 29
\BOOKMARK [1][-]{section.5.4}{\376\377\004\040\004\065\004\067\004\103\004\073\004\114\004\102\004\060\004\102\004\070\000\040\004\101\004\102\004\062\004\076\004\100\004\065\004\075\004\075\004\117\000\040\004\077\004\060\004\075\004\076\004\100\004\060\004\074\004\070}{chapter.5}% 30
