This is pdfTeX, Version 3.141592653-2.6-1.40.23 (TeX Live 2021) (preloaded format=pdflatex 2022.1.30)  19 FEB 2022 09:47
entering extended mode
 restricted \write18 enabled.
 file:line:error style messages enabled.
 %&-line parsing enabled.
**30_solution.tex
(./30_solution.tex
LaTeX2e <2021-11-15> patch level 1
L3 programming layer <2022-01-21>
./30_solution.tex:1: Undefined control sequence.
l.1 \section
            {–ü—Ä–æ–ø–æ–Ω–æ–≤–∞–Ω—ñ —Ä—ñ—à–µ–Ω–Ω—è}
The control sequence at the end of the top line
of your error message was never \def'ed. If you have
misspelled it (e.g., `\hobx'), type `I' and the correct
spelling (e.g., `I\hbox'). Otherwise just continue,
and I'll forget about whatever was undefined.


./30_solution.tex:1: LaTeX Error: Unicode character –ü (U+041F)
               not set up for use with LaTeX.

See the LaTeX manual or LaTeX Companion for explanation.
Type  H <return>  for immediate help.
 ...                                              
                                                  
l.1 \section{–ü
               —Ä–æ–ø–æ–Ω–æ–≤–∞–Ω—ñ —Ä—ñ—à–µ–Ω–Ω—è}
You may provide a definition with
\DeclareUnicodeCharacter 


./30_solution.tex:1: LaTeX Error: Unicode character —Ä (U+0440)
               not set up for use with LaTeX.

See the LaTeX manual or LaTeX Companion for explanation.
Type  H <return>  for immediate help.
 ...                                              
                                                  
l.1 \section{–ü—Ä
                 –æ–ø–æ–Ω–æ–≤–∞–Ω—ñ —Ä—ñ—à–µ–Ω–Ω—è}
You may provide a definition with
\DeclareUnicodeCharacter 


./30_solution.tex:1: LaTeX Error: Unicode character –æ (U+043E)
               not set up for use with LaTeX.

See the LaTeX manual or LaTeX Companion for explanation.
Type  H <return>  for immediate help.
 ...                                              
                                                  
l.1 \section{–ü—Ä–æ
                   –ø–æ–Ω–æ–≤–∞–Ω—ñ —Ä—ñ—à–µ–Ω–Ω—è}
You may provide a definition with
\DeclareUnicodeCharacter 


./30_solution.tex:1: LaTeX Error: Unicode character –ø (U+043F)
               not set up for use with LaTeX.

See the LaTeX manual or LaTeX Companion for explanation.
Type  H <return>  for immediate help.
 ...                                              
                                                  
l.1 \section{–ü—Ä–æ–ø
                     –æ–Ω–æ–≤–∞–Ω—ñ —Ä—ñ—à–µ–Ω–Ω—è}
You may provide a definition with
\DeclareUnicodeCharacter 


./30_solution.tex:1: LaTeX Error: Unicode character –æ (U+043E)
               not set up for use with LaTeX.

See the LaTeX manual or LaTeX Companion for explanation.
Type  H <return>  for immediate help.
 ...                                              
                                                  
l.1 \section{–ü—Ä–æ–ø–æ
                       –Ω–æ–≤–∞–Ω—ñ —Ä—ñ—à–µ–Ω–Ω—è}
You may provide a definition with
\DeclareUnicodeCharacter 


./30_solution.tex:1: LaTeX Error: Unicode character –Ω (U+043D)
               not set up for use with LaTeX.

See the LaTeX manual or LaTeX Companion for explanation.
Type  H <return>  for immediate help.
 ...                                              
                                                  
l.1 \section{–ü—Ä–æ–ø–æ–Ω
                         –æ–≤–∞–Ω—ñ —Ä—ñ—à–µ–Ω–Ω—è}
You may provide a definition with
\DeclareUnicodeCharacter 


./30_solution.tex:1: LaTeX Error: Unicode character –æ (U+043E)
               not set up for use with LaTeX.

See the LaTeX manual or LaTeX Companion for explanation.
Type  H <return>  for immediate help.
 ...                                              
                                                  
l.1 \section{–ü—Ä–æ–ø–æ–Ω–æ
                           –≤–∞–Ω—ñ —Ä—ñ—à–µ–Ω–Ω—è}
You may provide a definition with
\DeclareUnicodeCharacter 


./30_solution.tex:1: LaTeX Error: Unicode character –≤ (U+0432)
               not set up for use with LaTeX.

See the LaTeX manual or LaTeX Companion for explanation.
Type  H <return>  for immediate help.
 ...                                              
                                                  
l.1 \section{–ü—Ä–æ–ø–æ–Ω–æ–≤
                             –∞–Ω—ñ —Ä—ñ—à–µ–Ω–Ω—è}
You may provide a definition with
\DeclareUnicodeCharacter 


./30_solution.tex:1: LaTeX Error: Unicode character –∞ (U+0430)
               not set up for use with LaTeX.

See the LaTeX manual or LaTeX Companion for explanation.
Type  H <return>  for immediate help.
 ...                                              
                                                  
l.1 \section{–ü—Ä–æ–ø–æ–Ω–æ–≤–∞
                               –Ω—ñ —Ä—ñ—à–µ–Ω–Ω—è}
You may provide a definition with
\DeclareUnicodeCharacter 


./30_solution.tex:1: LaTeX Error: Unicode character –Ω (U+043D)
               not set up for use with LaTeX.

See the LaTeX manual or LaTeX Companion for explanation.
Type  H <return>  for immediate help.
 ...                                              
                                                  
l.1 \section{–ü—Ä–æ–ø–æ–Ω–æ–≤–∞–Ω
                                 —ñ —Ä—ñ—à–µ–Ω–Ω—è}
You may provide a definition with
\DeclareUnicodeCharacter 


./30_solution.tex:1: LaTeX Error: Unicode character —ñ (U+0456)
               not set up for use with LaTeX.

See the LaTeX manual or LaTeX Companion for explanation.
Type  H <return>  for immediate help.
 ...                                              
                                                  
l.1 \section{–ü—Ä–æ–ø–æ–Ω–æ–≤–∞–Ω—ñ
                                    —Ä—ñ—à–µ–Ω–Ω—è}
You may provide a definition with
\DeclareUnicodeCharacter 


./30_solution.tex:1: LaTeX Error: Unicode character —Ä (U+0440)
               not set up for use with LaTeX.

See the LaTeX manual or LaTeX Companion for explanation.
Type  H <return>  for immediate help.
 ...                                              
                                                  
l.1 \section{–ü—Ä–æ–ø–æ–Ω–æ–≤–∞–Ω—ñ —Ä
                                      —ñ—à–µ–Ω–Ω—è}
You may provide a definition with
\DeclareUnicodeCharacter 


./30_solution.tex:1: LaTeX Error: Unicode character —ñ (U+0456)
               not set up for use with LaTeX.

See the LaTeX manual or LaTeX Companion for explanation.
Type  H <return>  for immediate help.
 ...                                              
                                                  
l.1 \section{–ü—Ä–æ–ø–æ–Ω–æ–≤–∞–Ω—ñ —Ä—ñ
                                        —à–µ–Ω–Ω—è}
You may provide a definition with
\DeclareUnicodeCharacter 


./30_solution.tex:1: LaTeX Error: Unicode character —à (U+0448)
               not set up for use with LaTeX.

See the LaTeX manual or LaTeX Companion for explanation.
Type  H <return>  for immediate help.
 ...                                              
                                                  
l.1 \section{–ü—Ä–æ–ø–æ–Ω–æ–≤–∞–Ω—ñ —Ä—ñ—à
                                          –µ–Ω–Ω—è}
You may provide a definition with
\DeclareUnicodeCharacter 


./30_solution.tex:1: LaTeX Error: Unicode character –µ (U+0435)
               not set up for use with LaTeX.

See the LaTeX manual or LaTeX Companion for explanation.
Type  H <return>  for immediate help.
 ...                                              
                                                  
l.1 \section{–ü—Ä–æ–ø–æ–Ω–æ–≤–∞–Ω—ñ —Ä—ñ—à–µ
                                            –Ω–Ω—è}
You may provide a definition with
\DeclareUnicodeCharacter 


./30_solution.tex:1: LaTeX Error: Unicode character –Ω (U+043D)
               not set up for use with LaTeX.

See the LaTeX manual or LaTeX Companion for explanation.
Type  H <return>  for immediate help.
 ...                                              
                                                  
l.1 \section{–ü—Ä–æ–ø–æ–Ω–æ–≤–∞–Ω—ñ —Ä—ñ—à–µ–Ω
                                              –Ω—è}
You may provide a definition with
\DeclareUnicodeCharacter 


./30_solution.tex:1: LaTeX Error: Unicode character –Ω (U+043D)
               not set up for use with LaTeX.

See the LaTeX manual or LaTeX Companion for explanation.
Type  H <return>  for immediate help.
 ...                                              
                                                  
l.1 \section{–ü—Ä–æ–ø–æ–Ω–æ–≤–∞–Ω—ñ —Ä—ñ—à–µ–Ω–Ω
                                                —è}
You may provide a definition with
\DeclareUnicodeCharacter 


./30_solution.tex:1: LaTeX Error: Unicode character —è (U+044F)
               not set up for use with LaTeX.

See the LaTeX manual or LaTeX Companion for explanation.
Type  H <return>  for immediate help.
 ...                                              
                                                  
l.1 \section{–ü—Ä–æ–ø–æ–Ω–æ–≤–∞–Ω—ñ —Ä—ñ—à–µ–Ω–Ω—è
                                                  }
You may provide a definition with
\DeclareUnicodeCharacter 


./30_solution.tex:4: LaTeX Error: Unicode character –£ (U+0423)
               not set up for use with LaTeX.

See the LaTeX manual or LaTeX Companion for explanation.
Type  H <return>  for immediate help.
 ...                                              
                                                  
l.4 –£
       –¥–∞–Ω—ñ–π —Å—Ç–∞—Ç—Ç—ñ –æ–ø–∏—Å—É—î—Ç—å—Å—è –∞–ª–≥–æ—Ä–∏—Ç–º –Ω–∞–ø—...

You may provide a definition with
\DeclareUnicodeCharacter 


./30_solution.tex:4: LaTeX Error: Unicode character –¥ (U+0434)
               not set up for use with LaTeX.

See the LaTeX manual or LaTeX Companion for explanation.
Type  H <return>  for immediate help.
 ...                                              
                                                  
l.4 –£ –¥
         –∞–Ω—ñ–π —Å—Ç–∞—Ç—Ç—ñ –æ–ø–∏—Å—É—î—Ç—å—Å—è –∞–ª–≥–æ—Ä–∏—Ç–º –Ω–∞–ø—...

You may provide a definition with
\DeclareUnicodeCharacter 


./30_solution.tex:4: LaTeX Error: Unicode character –∞ (U+0430)
               not set up for use with LaTeX.

See the LaTeX manual or LaTeX Companion for explanation.
Type  H <return>  for immediate help.
 ...                                              
                                                  
l.4 –£ –¥–∞
           –Ω—ñ–π —Å—Ç–∞—Ç—Ç—ñ –æ–ø–∏—Å—É—î—Ç—å—Å—è –∞–ª–≥–æ—Ä–∏—Ç–º –Ω–∞–ø—...

You may provide a definition with
\DeclareUnicodeCharacter 


./30_solution.tex:4: LaTeX Error: Unicode character –Ω (U+043D)
               not set up for use with LaTeX.

See the LaTeX manual or LaTeX Companion for explanation.
Type  H <return>  for immediate help.
 ...                                              
                                                  
l.4 –£ –¥–∞–Ω
             —ñ–π —Å—Ç–∞—Ç—Ç—ñ –æ–ø–∏—Å—É—î—Ç—å—Å—è –∞–ª–≥–æ—Ä–∏—Ç–º –Ω–∞–ø—...

You may provide a definition with
\DeclareUnicodeCharacter 


./30_solution.tex:4: LaTeX Error: Unicode character —ñ (U+0456)
               not set up for use with LaTeX.

See the LaTeX manual or LaTeX Companion for explanation.
Type  H <return>  for immediate help.
 ...                                              
                                                  
l.4 –£ –¥–∞–Ω—ñ
               –π —Å—Ç–∞—Ç—Ç—ñ –æ–ø–∏—Å—É—î—Ç—å—Å—è –∞–ª–≥–æ—Ä–∏—Ç–º –Ω–∞–ø—...

You may provide a definition with
\DeclareUnicodeCharacter 


./30_solution.tex:4: LaTeX Error: Unicode character –π (U+0439)
               not set up for use with LaTeX.

See the LaTeX manual or LaTeX Companion for explanation.
Type  H <return>  for immediate help.
 ...                                              
                                                  
l.4 –£ –¥–∞–Ω—ñ–π
                  —Å—Ç–∞—Ç—Ç—ñ –æ–ø–∏—Å—É—î—Ç—å—Å—è –∞–ª–≥–æ—Ä–∏—Ç–º –Ω–∞–ø—...

You may provide a definition with
\DeclareUnicodeCharacter 


./30_solution.tex:4: LaTeX Error: Unicode character —Å (U+0441)
               not set up for use with LaTeX.

See the LaTeX manual or LaTeX Companion for explanation.
Type  H <return>  for immediate help.
 ...                                              
                                                  
l.4 –£ –¥–∞–Ω—ñ–π —Å
                    —Ç–∞—Ç—Ç—ñ –æ–ø–∏—Å—É—î—Ç—å—Å—è –∞–ª–≥–æ—Ä–∏—Ç–º –Ω–∞–ø—...

You may provide a definition with
\DeclareUnicodeCharacter 


./30_solution.tex:4: LaTeX Error: Unicode character —Ç (U+0442)
               not set up for use with LaTeX.

See the LaTeX manual or LaTeX Companion for explanation.
Type  H <return>  for immediate help.
 ...                                              
                                                  
l.4 –£ –¥–∞–Ω—ñ–π —Å—Ç
                      –∞—Ç—Ç—ñ –æ–ø–∏—Å—É—î—Ç—å—Å—è –∞–ª–≥–æ—Ä–∏—Ç–º –Ω–∞–ø—...

You may provide a definition with
\DeclareUnicodeCharacter 


./30_solution.tex:4: LaTeX Error: Unicode character –∞ (U+0430)
               not set up for use with LaTeX.

See the LaTeX manual or LaTeX Companion for explanation.
Type  H <return>  for immediate help.
 ...                                              
                                                  
l.4 –£ –¥–∞–Ω—ñ–π —Å—Ç–∞
                        —Ç—Ç—ñ –æ–ø–∏—Å—É—î—Ç—å—Å—è –∞–ª–≥–æ—Ä–∏—Ç–º –Ω–∞–ø—...

You may provide a definition with
\DeclareUnicodeCharacter 


./30_solution.tex:4: LaTeX Error: Unicode character —Ç (U+0442)
               not set up for use with LaTeX.

See the LaTeX manual or LaTeX Companion for explanation.
Type  H <return>  for immediate help.
 ...                                              
                                                  
l.4 –£ –¥–∞–Ω—ñ–π —Å—Ç–∞—Ç
                          —Ç—ñ –æ–ø–∏—Å—É—î—Ç—å—Å—è –∞–ª–≥–æ—Ä–∏—Ç–º –Ω–∞–ø—...

You may provide a definition with
\DeclareUnicodeCharacter 


./30_solution.tex:4: LaTeX Error: Unicode character —Ç (U+0442)
               not set up for use with LaTeX.

See the LaTeX manual or LaTeX Companion for explanation.
Type  H <return>  for immediate help.
 ...                                              
                                                  
l.4 –£ –¥–∞–Ω—ñ–π —Å—Ç–∞—Ç—Ç
                            —ñ –æ–ø–∏—Å—É—î—Ç—å—Å—è –∞–ª–≥–æ—Ä–∏—Ç–º –Ω–∞–ø—...

You may provide a definition with
\DeclareUnicodeCharacter 


./30_solution.tex:4: LaTeX Error: Unicode character —ñ (U+0456)
               not set up for use with LaTeX.

See the LaTeX manual or LaTeX Companion for explanation.
Type  H <return>  for immediate help.
 ...                                              
                                                  
l.4 –£ –¥–∞–Ω—ñ–π —Å—Ç–∞—Ç—Ç—ñ
                               –æ–ø–∏—Å—É—î—Ç—å—Å—è –∞–ª–≥–æ—Ä–∏—Ç–º –Ω–∞–ø—...

You may provide a definition with
\DeclareUnicodeCharacter 


./30_solution.tex:4: LaTeX Error: Unicode character –æ (U+043E)
               not set up for use with LaTeX.

See the LaTeX manual or LaTeX Companion for explanation.
Type  H <return>  for immediate help.
 ...                                              
                                                  
l.4 –£ –¥–∞–Ω—ñ–π —Å—Ç–∞—Ç—Ç—ñ –æ
                                 –ø–∏—Å—É—î—Ç—å—Å—è –∞–ª–≥–æ—Ä–∏—Ç–º –Ω–∞–ø—...

You may provide a definition with
\DeclareUnicodeCharacter 


./30_solution.tex:4: LaTeX Error: Unicode character –ø (U+043F)
               not set up for use with LaTeX.

See the LaTeX manual or LaTeX Companion for explanation.
Type  H <return>  for immediate help.
 ...                                              
                                                  
l.4 –£ –¥–∞–Ω—ñ–π —Å—Ç–∞—Ç—Ç—ñ –æ–ø
                                   –∏—Å—É—î—Ç—å—Å—è –∞–ª–≥–æ—Ä–∏—Ç–º –Ω–∞–ø—...

You may provide a definition with
\DeclareUnicodeCharacter 


./30_solution.tex:4: LaTeX Error: Unicode character –∏ (U+0438)
               not set up for use with LaTeX.

See the LaTeX manual or LaTeX Companion for explanation.
Type  H <return>  for immediate help.
 ...                                              
                                                  
l.4 –£ –¥–∞–Ω—ñ–π —Å—Ç–∞—Ç—Ç—ñ –æ–ø–∏
                                     —Å—É—î—Ç—å—Å—è –∞–ª–≥–æ—Ä–∏—Ç–º –Ω–∞–ø—...

You may provide a definition with
\DeclareUnicodeCharacter 


./30_solution.tex:4: LaTeX Error: Unicode character —Å (U+0441)
               not set up for use with LaTeX.

See the LaTeX manual or LaTeX Companion for explanation.
Type  H <return>  for immediate help.
 ...                                              
                                                  
l.4 –£ –¥–∞–Ω—ñ–π —Å—Ç–∞—Ç—Ç—ñ –æ–ø–∏—Å
                                       —É—î—Ç—å—Å—è –∞–ª–≥–æ—Ä–∏—Ç–º –Ω–∞–ø—...

You may provide a definition with
\DeclareUnicodeCharacter 


./30_solution.tex:4: LaTeX Error: Unicode character —É (U+0443)
               not set up for use with LaTeX.

See the LaTeX manual or LaTeX Companion for explanation.
Type  H <return>  for immediate help.
 ...                                              
                                                  
l.4 –£ –¥–∞–Ω—ñ–π —Å—Ç–∞—Ç—Ç—ñ –æ–ø–∏—Å—É
                                         —î—Ç—å—Å—è –∞–ª–≥–æ—Ä–∏—Ç–º –Ω–∞–ø—...

You may provide a definition with
\DeclareUnicodeCharacter 


./30_solution.tex:4: LaTeX Error: Unicode character —î (U+0454)
               not set up for use with LaTeX.

See the LaTeX manual or LaTeX Companion for explanation.
Type  H <return>  for immediate help.
 ...                                              
                                                  
l.4 –£ –¥–∞–Ω—ñ–π —Å—Ç–∞—Ç—Ç—ñ –æ–ø–∏—Å—É—î
                                           —Ç—å—Å—è –∞–ª–≥–æ—Ä–∏—Ç–º –Ω–∞–ø—...

You may provide a definition with
\DeclareUnicodeCharacter 


./30_solution.tex:4: LaTeX Error: Unicode character —Ç (U+0442)
               not set up for use with LaTeX.

See the LaTeX manual or LaTeX Companion for explanation.
Type  H <return>  for immediate help.
 ...                                              
                                                  
l.4 –£ –¥–∞–Ω—ñ–π —Å—Ç–∞—Ç—Ç—ñ –æ–ø–∏—Å—É—î—Ç
                                             —å—Å—è –∞–ª–≥–æ—Ä–∏—Ç–º –Ω–∞–ø—...

You may provide a definition with
\DeclareUnicodeCharacter 


./30_solution.tex:4: LaTeX Error: Unicode character —å (U+044C)
               not set up for use with LaTeX.

See the LaTeX manual or LaTeX Companion for explanation.
Type  H <return>  for immediate help.
 ...                                              
                                                  
l.4 –£ –¥–∞–Ω—ñ–π —Å—Ç–∞—Ç—Ç—ñ –æ–ø–∏—Å—É—î—Ç—å
                                               —Å—è –∞–ª–≥–æ—Ä–∏—Ç–º –Ω–∞–ø—...

You may provide a definition with
\DeclareUnicodeCharacter 


./30_solution.tex:4: LaTeX Error: Unicode character —Å (U+0441)
               not set up for use with LaTeX.

See the LaTeX manual or LaTeX Companion for explanation.
Type  H <return>  for immediate help.
 ...                                              
                                                  
l.4 –£ –¥–∞–Ω—ñ–π —Å—Ç–∞—Ç—Ç—ñ –æ–ø–∏—Å—É—î—Ç—å—Å
                                                 —è –∞–ª–≥–æ—Ä–∏—Ç–º –Ω–∞–ø—...

You may provide a definition with
\DeclareUnicodeCharacter 


./30_solution.tex:4: LaTeX Error: Unicode character —è (U+044F)
               not set up for use with LaTeX.

See the LaTeX manual or LaTeX Companion for explanation.
Type  H <return>  for immediate help.
 ...                                              
                                                  
l.4 ...¥–∞–Ω—ñ–π —Å—Ç–∞—Ç—Ç—ñ –æ–ø–∏—Å—É—î—Ç—å—Å—è
                                                   –∞–ª–≥–æ—Ä–∏—Ç–º –Ω–∞–ø—ñ...

You may provide a definition with
\DeclareUnicodeCharacter 


./30_solution.tex:4: LaTeX Error: Unicode character –∞ (U+0430)
               not set up for use with LaTeX.

See the LaTeX manual or LaTeX Companion for explanation.
Type  H <return>  for immediate help.
 ...                                              
                                                  
l.4 ...–Ω—ñ–π —Å—Ç–∞—Ç—Ç—ñ –æ–ø–∏—Å—É—î—Ç—å—Å—è –∞
                                                  –ª–≥–æ—Ä–∏—Ç–º –Ω–∞–ø—ñ–≤–...

You may provide a definition with
\DeclareUnicodeCharacter 


./30_solution.tex:4: LaTeX Error: Unicode character –ª (U+043B)
               not set up for use with LaTeX.

See the LaTeX manual or LaTeX Companion for explanation.
Type  H <return>  for immediate help.
 ...                                              
                                                  
l.4 ...—ñ–π —Å—Ç–∞—Ç—Ç—ñ –æ–ø–∏—Å—É—î—Ç—å—Å—è –∞–ª
                                                  –≥–æ—Ä–∏—Ç–º –Ω–∞–ø—ñ–≤–∞–...

You may provide a definition with
\DeclareUnicodeCharacter 


./30_solution.tex:4: LaTeX Error: Unicode character –≥ (U+0433)
               not set up for use with LaTeX.

See the LaTeX manual or LaTeX Companion for explanation.
Type  H <return>  for immediate help.
 ...                                              
                                                  
l.4 ...–π —Å—Ç–∞—Ç—Ç—ñ –æ–ø–∏—Å—É—î—Ç—å—Å—è –∞–ª–≥
                                                  –æ—Ä–∏—Ç–º –Ω–∞–ø—ñ–≤–∞–≤—...

You may provide a definition with
\DeclareUnicodeCharacter 


./30_solution.tex:4: LaTeX Error: Unicode character –æ (U+043E)
               not set up for use with LaTeX.

See the LaTeX manual or LaTeX Companion for explanation.
Type  H <return>  for immediate help.
 ...                                              
                                                  
l.4 ... —Å—Ç–∞—Ç—Ç—ñ –æ–ø–∏—Å—É—î—Ç—å—Å—è –∞–ª–≥–æ
                                                  —Ä–∏—Ç–º –Ω–∞–ø—ñ–≤–∞–≤—Ç–...

You may provide a definition with
\DeclareUnicodeCharacter 


./30_solution.tex:4: LaTeX Error: Unicode character —Ä (U+0440)
               not set up for use with LaTeX.

See the LaTeX manual or LaTeX Companion for explanation.
Type  H <return>  for immediate help.
 ...                                              
                                                  
l.4 ...Å—Ç–∞—Ç—Ç—ñ –æ–ø–∏—Å—É—î—Ç—å—Å—è –∞–ª–≥–æ—Ä
                                                  –∏—Ç–º –Ω–∞–ø—ñ–≤–∞–≤—Ç–æ–...

You may provide a definition with
\DeclareUnicodeCharacter 


./30_solution.tex:4: LaTeX Error: Unicode character –∏ (U+0438)
               not set up for use with LaTeX.

See the LaTeX manual or LaTeX Companion for explanation.
Type  H <return>  for immediate help.
 ...                                              
                                                  
l.4 ...Ç–∞—Ç—Ç—ñ –æ–ø–∏—Å—É—î—Ç—å—Å—è –∞–ª–≥–æ—Ä–∏
                                                  —Ç–º –Ω–∞–ø—ñ–≤–∞–≤—Ç–æ–º–...

You may provide a definition with
\DeclareUnicodeCharacter 


./30_solution.tex:4: LaTeX Error: Unicode character —Ç (U+0442)
               not set up for use with LaTeX.

See the LaTeX manual or LaTeX Companion for explanation.
Type  H <return>  for immediate help.
 ...                                              
                                                  
l.4 ...∞—Ç—Ç—ñ –æ–ø–∏—Å—É—î—Ç—å—Å—è –∞–ª–≥–æ—Ä–∏—Ç
                                                  –º –Ω–∞–ø—ñ–≤–∞–≤—Ç–æ–º–∞—...

You may provide a definition with
\DeclareUnicodeCharacter 


./30_solution.tex:4: LaTeX Error: Unicode character –º (U+043C)
               not set up for use with LaTeX.

See the LaTeX manual or LaTeX Companion for explanation.
Type  H <return>  for immediate help.
 ...                                              
                                                  
l.4 ...Ç—Ç—ñ –æ–ø–∏—Å—É—î—Ç—å—Å—è –∞–ª–≥–æ—Ä–∏—Ç–º
                                                   –Ω–∞–ø—ñ–≤–∞–≤—Ç–æ–º–∞—Ç–...

You may provide a definition with
\DeclareUnicodeCharacter 


./30_solution.tex:4: LaTeX Error: Unicode character –Ω (U+043D)
               not set up for use with LaTeX.

See the LaTeX manual or LaTeX Companion for explanation.
Type  H <return>  for immediate help.
 ...                                              
                                                  
l.4 ...—ñ –æ–ø–∏—Å—É—î—Ç—å—Å—è –∞–ª–≥–æ—Ä–∏—Ç–º –Ω
                                                  –∞–ø—ñ–≤–∞–≤—Ç–æ–º–∞—Ç–∏—á...

You may provide a definition with
\DeclareUnicodeCharacter 


./30_solution.tex:4: LaTeX Error: Unicode character –∞ (U+0430)
               not set up for use with LaTeX.

See the LaTeX manual or LaTeX Companion for explanation.
Type  H <return>  for immediate help.
 ...                                              
                                                  
l.4 ... –æ–ø–∏—Å—É—î—Ç—å—Å—è –∞–ª–≥–æ—Ä–∏—Ç–º –Ω–∞
                                                  –ø—ñ–≤–∞–≤—Ç–æ–º–∞—Ç–∏—á–Ω...

You may provide a definition with
\DeclareUnicodeCharacter 


./30_solution.tex:4: LaTeX Error: Unicode character –ø (U+043F)
               not set up for use with LaTeX.

See the LaTeX manual or LaTeX Companion for explanation.
Type  H <return>  for immediate help.
 ...                                              
                                                  
l.4 ...æ–ø–∏—Å—É—î—Ç—å—Å—è –∞–ª–≥–æ—Ä–∏—Ç–º –Ω–∞–ø
                                                  —ñ–≤–∞–≤—Ç–æ–º–∞—Ç–∏—á–Ω–æ...

You may provide a definition with
\DeclareUnicodeCharacter 


./30_solution.tex:4: LaTeX Error: Unicode character —ñ (U+0456)
               not set up for use with LaTeX.

See the LaTeX manual or LaTeX Companion for explanation.
Type  H <return>  for immediate help.
 ...                                              
                                                  
l.4 ...ø–∏—Å—É—î—Ç—å—Å—è –∞–ª–≥–æ—Ä–∏—Ç–º –Ω–∞–ø—ñ
                                                  –≤–∞–≤—Ç–æ–º–∞—Ç–∏—á–Ω–æ–≥–æ
You may provide a definition with
\DeclareUnicodeCharacter 


./30_solution.tex:4: LaTeX Error: Unicode character –≤ (U+0432)
               not set up for use with LaTeX.

See the LaTeX manual or LaTeX Companion for explanation.
Type  H <return>  for immediate help.
 ...                                              
                                                  
l.4 ...∏—Å—É—î—Ç—å—Å—è –∞–ª–≥–æ—Ä–∏—Ç–º –Ω–∞–ø—ñ–≤
                                                  –∞–≤—Ç–æ–º–∞—Ç–∏—á–Ω–æ–≥–æ
You may provide a definition with
\DeclareUnicodeCharacter 


./30_solution.tex:4: LaTeX Error: Unicode character –∞ (U+0430)
               not set up for use with LaTeX.

See the LaTeX manual or LaTeX Companion for explanation.
Type  H <return>  for immediate help.
 ...                                              
                                                  
l.4 ...Å—É—î—Ç—å—Å—è –∞–ª–≥–æ—Ä–∏—Ç–º –Ω–∞–ø—ñ–≤–∞
                                                  –≤—Ç–æ–º–∞—Ç–∏—á–Ω–æ–≥–æ
You may provide a definition with
\DeclareUnicodeCharacter 


./30_solution.tex:4: LaTeX Error: Unicode character –≤ (U+0432)
               not set up for use with LaTeX.

See the LaTeX manual or LaTeX Companion for explanation.
Type  H <return>  for immediate help.
 ...                                              
                                                  
l.4 ...É—î—Ç—å—Å—è –∞–ª–≥–æ—Ä–∏—Ç–º –Ω–∞–ø—ñ–≤–∞–≤
                                                  —Ç–æ–º–∞—Ç–∏—á–Ω–æ–≥–æ
You may provide a definition with
\DeclareUnicodeCharacter 


./30_solution.tex:4: LaTeX Error: Unicode character —Ç (U+0442)
               not set up for use with LaTeX.

See the LaTeX manual or LaTeX Companion for explanation.
Type  H <return>  for immediate help.
 ...                                              
                                                  
l.4 ...î—Ç—å—Å—è –∞–ª–≥–æ—Ä–∏—Ç–º –Ω–∞–ø—ñ–≤–∞–≤—Ç
                                                  –æ–º–∞—Ç–∏—á–Ω–æ–≥–æ
You may provide a definition with
\DeclareUnicodeCharacter 


./30_solution.tex:4: LaTeX Error: Unicode character –æ (U+043E)
               not set up for use with LaTeX.

See the LaTeX manual or LaTeX Companion for explanation.
Type  H <return>  for immediate help.
 ...                                              
                                                  
l.4 ...Ç—å—Å—è –∞–ª–≥–æ—Ä–∏—Ç–º –Ω–∞–ø—ñ–≤–∞–≤—Ç–æ
                                                  –º–∞—Ç–∏—á–Ω–æ–≥–æ
You may provide a definition with
\DeclareUnicodeCharacter 


./30_solution.tex:4: LaTeX Error: Unicode character –º (U+043C)
               not set up for use with LaTeX.

See the LaTeX manual or LaTeX Companion for explanation.
Type  H <return>  for immediate help.
 ...                                              
                                                  
l.4 ...å—Å—è –∞–ª–≥–æ—Ä–∏—Ç–º –Ω–∞–ø—ñ–≤–∞–≤—Ç–æ–º
                                                  –∞—Ç–∏—á–Ω–æ–≥–æ
You may provide a definition with
\DeclareUnicodeCharacter 


./30_solution.tex:4: LaTeX Error: Unicode character –∞ (U+0430)
               not set up for use with LaTeX.

See the LaTeX manual or LaTeX Companion for explanation.
Type  H <return>  for immediate help.
 ...                                              
                                                  
l.4 ...Å—è –∞–ª–≥–æ—Ä–∏—Ç–º –Ω–∞–ø—ñ–≤–∞–≤—Ç–æ–º–∞
                                                  —Ç–∏—á–Ω–æ–≥–æ
You may provide a definition with
\DeclareUnicodeCharacter 


./30_solution.tex:4: LaTeX Error: Unicode character —Ç (U+0442)
               not set up for use with LaTeX.

See the LaTeX manual or LaTeX Companion for explanation.
Type  H <return>  for immediate help.
 ...                                              
                                                  
l.4 ...è –∞–ª–≥–æ—Ä–∏—Ç–º –Ω–∞–ø—ñ–≤–∞–≤—Ç–æ–º–∞—Ç
                                                  –∏—á–Ω–æ–≥–æ
You may provide a definition with
\DeclareUnicodeCharacter 


./30_solution.tex:4: LaTeX Error: Unicode character –∏ (U+0438)
               not set up for use with LaTeX.

See the LaTeX manual or LaTeX Companion for explanation.
Type  H <return>  for immediate help.
 ...                                              
                                                  
l.4 ...–∞–ª–≥–æ—Ä–∏—Ç–º –Ω–∞–ø—ñ–≤–∞–≤—Ç–æ–º–∞—Ç–∏
                                                  —á–Ω–æ–≥–æ
You may provide a definition with
\DeclareUnicodeCharacter 


./30_solution.tex:4: LaTeX Error: Unicode character —á (U+0447)
               not set up for use with LaTeX.

See the LaTeX manual or LaTeX Companion for explanation.
Type  H <return>  for immediate help.
 ...                                              
                                                  
l.4 ...–ª–≥–æ—Ä–∏—Ç–º –Ω–∞–ø—ñ–≤–∞–≤—Ç–æ–º–∞—Ç–∏—á
                                                  –Ω–æ–≥–æ
You may provide a definition with
\DeclareUnicodeCharacter 


./30_solution.tex:4: LaTeX Error: Unicode character –Ω (U+043D)
               not set up for use with LaTeX.

See the LaTeX manual or LaTeX Companion for explanation.
Type  H <return>  for immediate help.
 ...                                              
                                                  
l.4 ...–≥–æ—Ä–∏—Ç–º –Ω–∞–ø—ñ–≤–∞–≤—Ç–æ–º–∞—Ç–∏—á–Ω
                                                  –æ–≥–æ
You may provide a definition with
\DeclareUnicodeCharacter 


./30_solution.tex:4: LaTeX Error: Unicode character –æ (U+043E)
               not set up for use with LaTeX.

See the LaTeX manual or LaTeX Companion for explanation.
Type  H <return>  for immediate help.
 ...                                              
                                                  
l.4 ...–æ—Ä–∏—Ç–º –Ω–∞–ø—ñ–≤–∞–≤—Ç–æ–º–∞—Ç–∏—á–Ω–æ
                                                  –≥–æ
You may provide a definition with
\DeclareUnicodeCharacter 


./30_solution.tex:4: LaTeX Error: Unicode character –≥ (U+0433)
               not set up for use with LaTeX.

See the LaTeX manual or LaTeX Companion for explanation.
Type  H <return>  for immediate help.
 ...                                              
                                                  
l.4 ...—Ä–∏—Ç–º –Ω–∞–ø—ñ–≤–∞–≤—Ç–æ–º–∞—Ç–∏—á–Ω–æ–≥
                                                  –æ
You may provide a definition with
\DeclareUnicodeCharacter 


./30_solution.tex:4: LaTeX Error: Unicode character –æ (U+043E)
               not set up for use with LaTeX.

See the LaTeX manual or LaTeX Companion for explanation.
Type  H <return>  for immediate help.
 ...                                              
                                                  
l.4 ...–∏—Ç–º –Ω–∞–ø—ñ–≤–∞–≤—Ç–æ–º–∞—Ç–∏—á–Ω–æ–≥–æ
                                                  
You may provide a definition with
\DeclareUnicodeCharacter 


./30_solution.tex:5: LaTeX Error: Unicode character —Å (U+0441)
               not set up for use with LaTeX.

See the LaTeX manual or LaTeX Companion for explanation.
Type  H <return>  for immediate help.
 ...                                              
                                                  
l.5 —Å
      —Ç–≤–æ—Ä–µ–Ω–Ω—è —Å–ª–∞–π–¥—ñ–≤ –Ω–∞ –æ—Å–Ω–æ–≤—ñ –≤—ñ–¥–µ–æ–∑–∞–ø–∏—Å...

You may provide a definition with
\DeclareUnicodeCharacter 


./30_solution.tex:5: LaTeX Error: Unicode character —Ç (U+0442)
               not set up for use with LaTeX.

See the LaTeX manual or LaTeX Companion for explanation.
Type  H <return>  for immediate help.
 ...                                              
                                                  
l.5 —Å—Ç
        –≤–æ—Ä–µ–Ω–Ω—è —Å–ª–∞–π–¥—ñ–≤ –Ω–∞ –æ—Å–Ω–æ–≤—ñ –≤—ñ–¥–µ–æ–∑–∞–ø–∏—Å...

You may provide a definition with
\DeclareUnicodeCharacter 


./30_solution.tex:5: LaTeX Error: Unicode character –≤ (U+0432)
               not set up for use with LaTeX.

See the LaTeX manual or LaTeX Companion for explanation.
Type  H <return>  for immediate help.
 ...                                              
                                                  
l.5 —Å—Ç–≤
          –æ—Ä–µ–Ω–Ω—è —Å–ª–∞–π–¥—ñ–≤ –Ω–∞ –æ—Å–Ω–æ–≤—ñ –≤—ñ–¥–µ–æ–∑–∞–ø–∏—Å...

You may provide a definition with
\DeclareUnicodeCharacter 


./30_solution.tex:5: LaTeX Error: Unicode character –æ (U+043E)
               not set up for use with LaTeX.

See the LaTeX manual or LaTeX Companion for explanation.
Type  H <return>  for immediate help.
 ...                                              
                                                  
l.5 —Å—Ç–≤–æ
            —Ä–µ–Ω–Ω—è —Å–ª–∞–π–¥—ñ–≤ –Ω–∞ –æ—Å–Ω–æ–≤—ñ –≤—ñ–¥–µ–æ–∑–∞–ø–∏—Å...

You may provide a definition with
\DeclareUnicodeCharacter 


./30_solution.tex:5: LaTeX Error: Unicode character —Ä (U+0440)
               not set up for use with LaTeX.

See the LaTeX manual or LaTeX Companion for explanation.
Type  H <return>  for immediate help.
 ...                                              
                                                  
l.5 —Å—Ç–≤–æ—Ä
              –µ–Ω–Ω—è —Å–ª–∞–π–¥—ñ–≤ –Ω–∞ –æ—Å–Ω–æ–≤—ñ –≤—ñ–¥–µ–æ–∑–∞–ø–∏—Å...

You may provide a definition with
\DeclareUnicodeCharacter 


./30_solution.tex:5: LaTeX Error: Unicode character –µ (U+0435)
               not set up for use with LaTeX.

See the LaTeX manual or LaTeX Companion for explanation.
Type  H <return>  for immediate help.
 ...                                              
                                                  
l.5 —Å—Ç–≤–æ—Ä–µ
                –Ω–Ω—è —Å–ª–∞–π–¥—ñ–≤ –Ω–∞ –æ—Å–Ω–æ–≤—ñ –≤—ñ–¥–µ–æ–∑–∞–ø–∏—Å...

You may provide a definition with
\DeclareUnicodeCharacter 


./30_solution.tex:5: LaTeX Error: Unicode character –Ω (U+043D)
               not set up for use with LaTeX.

See the LaTeX manual or LaTeX Companion for explanation.
Type  H <return>  for immediate help.
 ...                                              
                                                  
l.5 —Å—Ç–≤–æ—Ä–µ–Ω
                  –Ω—è —Å–ª–∞–π–¥—ñ–≤ –Ω–∞ –æ—Å–Ω–æ–≤—ñ –≤—ñ–¥–µ–æ–∑–∞–ø–∏—Å...

You may provide a definition with
\DeclareUnicodeCharacter 


./30_solution.tex:5: LaTeX Error: Unicode character –Ω (U+043D)
               not set up for use with LaTeX.

See the LaTeX manual or LaTeX Companion for explanation.
Type  H <return>  for immediate help.
 ...                                              
                                                  
l.5 —Å—Ç–≤–æ—Ä–µ–Ω–Ω
                    —è —Å–ª–∞–π–¥—ñ–≤ –Ω–∞ –æ—Å–Ω–æ–≤—ñ –≤—ñ–¥–µ–æ–∑–∞–ø–∏—Å...

You may provide a definition with
\DeclareUnicodeCharacter 


./30_solution.tex:5: LaTeX Error: Unicode character —è (U+044F)
               not set up for use with LaTeX.

See the LaTeX manual or LaTeX Companion for explanation.
Type  H <return>  for immediate help.
 ...                                              
                                                  
l.5 —Å—Ç–≤–æ—Ä–µ–Ω–Ω—è
                       —Å–ª–∞–π–¥—ñ–≤ –Ω–∞ –æ—Å–Ω–æ–≤—ñ –≤—ñ–¥–µ–æ–∑–∞–ø–∏—Å...

You may provide a definition with
\DeclareUnicodeCharacter 


./30_solution.tex:5: LaTeX Error: Unicode character —Å (U+0441)
               not set up for use with LaTeX.

See the LaTeX manual or LaTeX Companion for explanation.
Type  H <return>  for immediate help.
 ...                                              
                                                  
l.5 —Å—Ç–≤–æ—Ä–µ–Ω–Ω—è —Å
                         –ª–∞–π–¥—ñ–≤ –Ω–∞ –æ—Å–Ω–æ–≤—ñ –≤—ñ–¥–µ–æ–∑–∞–ø–∏—Å...

You may provide a definition with
\DeclareUnicodeCharacter 


./30_solution.tex:5: LaTeX Error: Unicode character –ª (U+043B)
               not set up for use with LaTeX.

See the LaTeX manual or LaTeX Companion for explanation.
Type  H <return>  for immediate help.
 ...                                              
                                                  
l.5 —Å—Ç–≤–æ—Ä–µ–Ω–Ω—è —Å–ª
                           –∞–π–¥—ñ–≤ –Ω–∞ –æ—Å–Ω–æ–≤—ñ –≤—ñ–¥–µ–æ–∑–∞–ø–∏—Å...

You may provide a definition with
\DeclareUnicodeCharacter 


./30_solution.tex:5: LaTeX Error: Unicode character –∞ (U+0430)
               not set up for use with LaTeX.

See the LaTeX manual or LaTeX Companion for explanation.
Type  H <return>  for immediate help.
 ...                                              
                                                  
l.5 —Å—Ç–≤–æ—Ä–µ–Ω–Ω—è —Å–ª–∞
                             –π–¥—ñ–≤ –Ω–∞ –æ—Å–Ω–æ–≤—ñ –≤—ñ–¥–µ–æ–∑–∞–ø–∏—Å...

You may provide a definition with
\DeclareUnicodeCharacter 


./30_solution.tex:5: LaTeX Error: Unicode character –π (U+0439)
               not set up for use with LaTeX.

See the LaTeX manual or LaTeX Companion for explanation.
Type  H <return>  for immediate help.
 ...                                              
                                                  
l.5 —Å—Ç–≤–æ—Ä–µ–Ω–Ω—è —Å–ª–∞–π
                               –¥—ñ–≤ –Ω–∞ –æ—Å–Ω–æ–≤—ñ –≤—ñ–¥–µ–æ–∑–∞–ø–∏—Å...

You may provide a definition with
\DeclareUnicodeCharacter 


./30_solution.tex:5: LaTeX Error: Unicode character –¥ (U+0434)
               not set up for use with LaTeX.

See the LaTeX manual or LaTeX Companion for explanation.
Type  H <return>  for immediate help.
 ...                                              
                                                  
l.5 —Å—Ç–≤–æ—Ä–µ–Ω–Ω—è —Å–ª–∞–π–¥
                                 —ñ–≤ –Ω–∞ –æ—Å–Ω–æ–≤—ñ –≤—ñ–¥–µ–æ–∑–∞–ø–∏—Å...

You may provide a definition with
\DeclareUnicodeCharacter 


./30_solution.tex:5: LaTeX Error: Unicode character —ñ (U+0456)
               not set up for use with LaTeX.

See the LaTeX manual or LaTeX Companion for explanation.
Type  H <return>  for immediate help.
 ...                                              
                                                  
l.5 —Å—Ç–≤–æ—Ä–µ–Ω–Ω—è —Å–ª–∞–π–¥—ñ
                                   –≤ –Ω–∞ –æ—Å–Ω–æ–≤—ñ –≤—ñ–¥–µ–æ–∑–∞–ø–∏—Å...

You may provide a definition with
\DeclareUnicodeCharacter 


./30_solution.tex:5: LaTeX Error: Unicode character –≤ (U+0432)
               not set up for use with LaTeX.

See the LaTeX manual or LaTeX Companion for explanation.
Type  H <return>  for immediate help.
 ...                                              
                                                  
l.5 —Å—Ç–≤–æ—Ä–µ–Ω–Ω—è —Å–ª–∞–π–¥—ñ–≤
                                      –Ω–∞ –æ—Å–Ω–æ–≤—ñ –≤—ñ–¥–µ–æ–∑–∞–ø–∏—Å...

You may provide a definition with
\DeclareUnicodeCharacter 


./30_solution.tex:5: LaTeX Error: Unicode character –Ω (U+043D)
               not set up for use with LaTeX.

See the LaTeX manual or LaTeX Companion for explanation.
Type  H <return>  for immediate help.
 ...                                              
                                                  
l.5 —Å—Ç–≤–æ—Ä–µ–Ω–Ω—è —Å–ª–∞–π–¥—ñ–≤ –Ω
                                        –∞ –æ—Å–Ω–æ–≤—ñ –≤—ñ–¥–µ–æ–∑–∞–ø–∏—Å...

You may provide a definition with
\DeclareUnicodeCharacter 


./30_solution.tex:5: LaTeX Error: Unicode character –∞ (U+0430)
               not set up for use with LaTeX.

See the LaTeX manual or LaTeX Companion for explanation.
Type  H <return>  for immediate help.
 ...                                              
                                                  
l.5 —Å—Ç–≤–æ—Ä–µ–Ω–Ω—è —Å–ª–∞–π–¥—ñ–≤ –Ω–∞
                                           –æ—Å–Ω–æ–≤—ñ –≤—ñ–¥–µ–æ–∑–∞–ø–∏—Å...

You may provide a definition with
\DeclareUnicodeCharacter 


./30_solution.tex:5: LaTeX Error: Unicode character –æ (U+043E)
               not set up for use with LaTeX.

See the LaTeX manual or LaTeX Companion for explanation.
Type  H <return>  for immediate help.
 ...                                              
                                                  
l.5 —Å—Ç–≤–æ—Ä–µ–Ω–Ω—è —Å–ª–∞–π–¥—ñ–≤ –Ω–∞ –æ
                                             —Å–Ω–æ–≤—ñ –≤—ñ–¥–µ–æ–∑–∞–ø–∏—Å...

You may provide a definition with
\DeclareUnicodeCharacter 


./30_solution.tex:5: LaTeX Error: Unicode character —Å (U+0441)
               not set up for use with LaTeX.

See the LaTeX manual or LaTeX Companion for explanation.
Type  H <return>  for immediate help.
 ...                                              
                                                  
l.5 —Å—Ç–≤–æ—Ä–µ–Ω–Ω—è —Å–ª–∞–π–¥—ñ–≤ –Ω–∞ –æ—Å
                                               –Ω–æ–≤—ñ –≤—ñ–¥–µ–æ–∑–∞–ø–∏—Å...

You may provide a definition with
\DeclareUnicodeCharacter 


./30_solution.tex:5: LaTeX Error: Unicode character –Ω (U+043D)
               not set up for use with LaTeX.

See the LaTeX manual or LaTeX Companion for explanation.
Type  H <return>  for immediate help.
 ...                                              
                                                  
l.5 —Å—Ç–≤–æ—Ä–µ–Ω–Ω—è —Å–ª–∞–π–¥—ñ–≤ –Ω–∞ –æ—Å–Ω
                                                 –æ–≤—ñ –≤—ñ–¥–µ–æ–∑–∞–ø–∏—Å...

You may provide a definition with
\DeclareUnicodeCharacter 


./30_solution.tex:5: LaTeX Error: Unicode character –æ (U+043E)
               not set up for use with LaTeX.

See the LaTeX manual or LaTeX Companion for explanation.
Type  H <return>  for immediate help.
 ...                                              
                                                  
l.5 ...–≤–æ—Ä–µ–Ω–Ω—è —Å–ª–∞–π–¥—ñ–≤ –Ω–∞ –æ—Å–Ω–æ
                                                  –≤—ñ –≤—ñ–¥–µ–æ–∑–∞–ø–∏—Å—...

You may provide a definition with
\DeclareUnicodeCharacter 


./30_solution.tex:5: LaTeX Error: Unicode character –≤ (U+0432)
               not set up for use with LaTeX.

See the LaTeX manual or LaTeX Companion for explanation.
Type  H <return>  for immediate help.
 ...                                              
                                                  
l.5 ...–æ—Ä–µ–Ω–Ω—è —Å–ª–∞–π–¥—ñ–≤ –Ω–∞ –æ—Å–Ω–æ–≤
                                                  —ñ –≤—ñ–¥–µ–æ–∑–∞–ø–∏—Å—É ...

You may provide a definition with
\DeclareUnicodeCharacter 


./30_solution.tex:5: LaTeX Error: Unicode character —ñ (U+0456)
               not set up for use with LaTeX.

See the LaTeX manual or LaTeX Companion for explanation.
Type  H <return>  for immediate help.
 ...                                              
                                                  
l.5 ...—Ä–µ–Ω–Ω—è —Å–ª–∞–π–¥—ñ–≤ –Ω–∞ –æ—Å–Ω–æ–≤—ñ
                                                   –≤—ñ–¥–µ–æ–∑–∞–ø–∏—Å—É –ª...

You may provide a definition with
\DeclareUnicodeCharacter 


./30_solution.tex:5: LaTeX Error: Unicode character –≤ (U+0432)
               not set up for use with LaTeX.

See the LaTeX manual or LaTeX Companion for explanation.
Type  H <return>  for immediate help.
 ...                                              
                                                  
l.5 ...µ–Ω–Ω—è —Å–ª–∞–π–¥—ñ–≤ –Ω–∞ –æ—Å–Ω–æ–≤—ñ –≤
                                                  —ñ–¥–µ–æ–∑–∞–ø–∏—Å—É –ª–µ–...

You may provide a definition with
\DeclareUnicodeCharacter 


./30_solution.tex:5: LaTeX Error: Unicode character —ñ (U+0456)
               not set up for use with LaTeX.

See the LaTeX manual or LaTeX Companion for explanation.
Type  H <return>  for immediate help.
 ...                                              
                                                  
l.5 ...Ω–Ω—è —Å–ª–∞–π–¥—ñ–≤ –Ω–∞ –æ—Å–Ω–æ–≤—ñ –≤—ñ
                                                  –¥–µ–æ–∑–∞–ø–∏—Å—É –ª–µ–∫—...

You may provide a definition with
\DeclareUnicodeCharacter 


./30_solution.tex:5: LaTeX Error: Unicode character –¥ (U+0434)
               not set up for use with LaTeX.

See the LaTeX manual or LaTeX Companion for explanation.
Type  H <return>  for immediate help.
 ...                                              
                                                  
l.5 ...Ω—è —Å–ª–∞–π–¥—ñ–≤ –Ω–∞ –æ—Å–Ω–æ–≤—ñ –≤—ñ–¥
                                                  –µ–æ–∑–∞–ø–∏—Å—É –ª–µ–∫—Ü—...

You may provide a definition with
\DeclareUnicodeCharacter 


./30_solution.tex:5: LaTeX Error: Unicode character –µ (U+0435)
               not set up for use with LaTeX.

See the LaTeX manual or LaTeX Companion for explanation.
Type  H <return>  for immediate help.
 ...                                              
                                                  
l.5 ...è —Å–ª–∞–π–¥—ñ–≤ –Ω–∞ –æ—Å–Ω–æ–≤—ñ –≤—ñ–¥–µ
                                                  –æ–∑–∞–ø–∏—Å—É –ª–µ–∫—Ü—ñ—...

You may provide a definition with
\DeclareUnicodeCharacter 


./30_solution.tex:5: LaTeX Error: Unicode character –æ (U+043E)
               not set up for use with LaTeX.

See the LaTeX manual or LaTeX Companion for explanation.
Type  H <return>  for immediate help.
 ...                                              
                                                  
l.5 ...—Å–ª–∞–π–¥—ñ–≤ –Ω–∞ –æ—Å–Ω–æ–≤—ñ –≤—ñ–¥–µ–æ
                                                  –∑–∞–ø–∏—Å—É –ª–µ–∫—Ü—ñ—ó ...

You may provide a definition with
\DeclareUnicodeCharacter 


./30_solution.tex:5: LaTeX Error: Unicode character –∑ (U+0437)
               not set up for use with LaTeX.

See the LaTeX manual or LaTeX Companion for explanation.
Type  H <return>  for immediate help.
 ...                                              
                                                  
l.5 ...–ª–∞–π–¥—ñ–≤ –Ω–∞ –æ—Å–Ω–æ–≤—ñ –≤—ñ–¥–µ–æ–∑
                                                  –∞–ø–∏—Å—É –ª–µ–∫—Ü—ñ—ó [1].
You may provide a definition with
\DeclareUnicodeCharacter 


./30_solution.tex:5: LaTeX Error: Unicode character –∞ (U+0430)
               not set up for use with LaTeX.

See the LaTeX manual or LaTeX Companion for explanation.
Type  H <return>  for immediate help.
 ...                                              
                                                  
l.5 ...–∞–π–¥—ñ–≤ –Ω–∞ –æ—Å–Ω–æ–≤—ñ –≤—ñ–¥–µ–æ–∑–∞
                                                  –ø–∏—Å—É –ª–µ–∫—Ü—ñ—ó [1].
You may provide a definition with
\DeclareUnicodeCharacter 


./30_solution.tex:5: LaTeX Error: Unicode character –ø (U+043F)
               not set up for use with LaTeX.

See the LaTeX manual or LaTeX Companion for explanation.
Type  H <return>  for immediate help.
 ...                                              
                                                  
l.5 ...–π–¥—ñ–≤ –Ω–∞ –æ—Å–Ω–æ–≤—ñ –≤—ñ–¥–µ–æ–∑–∞–ø
                                                  –∏—Å—É –ª–µ–∫—Ü—ñ—ó [1].
You may provide a definition with
\DeclareUnicodeCharacter 


./30_solution.tex:5: LaTeX Error: Unicode character –∏ (U+0438)
               not set up for use with LaTeX.

See the LaTeX manual or LaTeX Companion for explanation.
Type  H <return>  for immediate help.
 ...                                              
                                                  
l.5 ...–¥—ñ–≤ –Ω–∞ –æ—Å–Ω–æ–≤—ñ –≤—ñ–¥–µ–æ–∑–∞–ø–∏
                                                  —Å—É –ª–µ–∫—Ü—ñ—ó [1].
(That makes 100 errors; please try again.) 
Here is how much of TeX's memory you used:
 42 strings out of 478287
 707 string characters out of 5846764
 289005 words of memory out of 5000000
 18338 multiletter control sequences out of 15000+600000
 469259 words of font info for 28 fonts, out of 8000000 for 9000
 1141 hyphenation exceptions out of 8191
 13i,0n,12p,125b,27s stack positions out of 5000i,500n,10000p,200000b,80000s

./30_solution.tex:5:  ==> Fatal error occurred, no output PDF file produced!
